D:\SHAPESPH\DEBUG\SHAPEDESCRIPTOR.EXE
D:\SHAPESPH\DEBUG\SHAPEDESCRIPTOR.ILK
D:\SHAPESPH\DEBUG\SHAPEDESCRIPTOR.PDB
D:\ShapeSPH\ShapeDesriptor\Debug\cl.command.1.tlog
D:\ShapeSPH\ShapeDesriptor\Debug\CL.read.1.tlog
D:\ShapeSPH\ShapeDesriptor\Debug\CL.write.1.tlog
D:\ShapeSPH\ShapeDesriptor\Debug\link.8116.read.1.tlog
D:\ShapeSPH\ShapeDesriptor\Debug\link.8116.write.1.tlog
D:\ShapeSPH\ShapeDesriptor\Debug\link.8116-cvtres.read.1.tlog
D:\ShapeSPH\ShapeDesriptor\Debug\link.8116-cvtres.write.1.tlog
D:\ShapeSPH\ShapeDesriptor\Debug\link.command.1.tlog
D:\ShapeSPH\ShapeDesriptor\Debug\link.read.1.tlog
D:\ShapeSPH\ShapeDesriptor\Debug\link.write.1.tlog
D:\ShapeSPH\ShapeDesriptor\Debug\link-cvtres.read.1.tlog
D:\ShapeSPH\ShapeDesriptor\Debug\link-cvtres.write.1.tlog
D:\ShapeSPH\ShapeDesriptor\Debug\mt.command.1.tlog
D:\ShapeSPH\ShapeDesriptor\Debug\mt.read.1.tlog
D:\ShapeSPH\ShapeDesriptor\Debug\mt.write.1.tlog
D:\ShapeSPH\ShapeDesriptor\Debug\rc.command.1.tlog
D:\ShapeSPH\ShapeDesriptor\Debug\rc.read.1.tlog
D:\ShapeSPH\ShapeDesriptor\Debug\rc.write.1.tlog
D:\SHAPESPH\SHAPEDESRIPTOR\DEBUG\SHAPEDESCRIPTOR.EXE.EMBED.MANIFEST
D:\SHAPESPH\SHAPEDESRIPTOR\DEBUG\SHAPEDESCRIPTOR.EXE.EMBED.MANIFEST.RES
D:\SHAPESPH\SHAPEDESRIPTOR\DEBUG\SHAPEDESCRIPTOR.EXE.INTERMEDIATE.MANIFEST
D:\SHAPESPH\SHAPEDESRIPTOR\DEBUG\SHAPEDESCRIPTOR.OBJ
D:\ShapeSPH\ShapeDesriptor\Debug\ShapeDescriptor_manifest.rc
D:\ShapeSPH\ShapeDesriptor\Debug\vc100.idb
D:\SHAPESPH\SHAPEDESRIPTOR\DEBUG\VC100.PDB
