生成启动时间为 2017/8/31 22:39:08。
     1>项目“D:\ShapeSPH\S2Kit1.0\S2Kit1.0.vcxproj”在节点 2 上(build 个目标)。
     1>InitializeBuildStatus:
         正在创建“Debug\S2Kit1.0.unsuccessfulbuild”，因为已指定“AlwaysCreate”。
       ClCompile:
         E:\dev_tools\VS2010\VC\bin\CL.exe /c /ZI /nologo /W3 /WX- /Od /Oy- /D WIN32 /D _DEBUG /D _LIB /D _UNICODE /D UNICODE /Gm /EHsc /RTC1 /MDd /GS /fp:precise /Zc:wchar_t /Zc:forScope /Fo"Debug\\" /Fd"Debug\vc100.pdb" /Gd /TP /analyze- /errorReport:prompt cospmls.cpp FST_semi_fly.cpp FST_semi_memo.cpp makeweights.cpp naive_synthesis.cpp pmls.cpp primitive.cpp seminaive.cpp
         seminaive.cpp
     1>d:\shapesph\s2kit1.0\seminaive.cpp(49): fatal error C1083: 无法打开包括文件:“fftw3.h”: No such file or directory
         primitive.cpp
         pmls.cpp
         naive_synthesis.cpp
         makeweights.cpp
         FST_semi_memo.cpp
     1>d:\shapesph\s2kit1.0\fst_semi_memo.cpp(72): fatal error C1083: 无法打开包括文件:“fftw3.h”: No such file or directory
         FST_semi_fly.cpp
     1>d:\shapesph\s2kit1.0\fst_semi_fly.cpp(73): fatal error C1083: 无法打开包括文件:“fftw3.h”: No such file or directory
         cospmls.cpp
     1>d:\shapesph\s2kit1.0\cospmls.cpp(46): fatal error C1083: 无法打开包括文件:“fftw3.h”: No such file or directory
         正在生成代码...
     1>已完成生成项目“D:\ShapeSPH\S2Kit1.0\S2Kit1.0.vcxproj”(build 个目标)的操作 - 失败。

生成失败。

已用时间 00:00:02.78
