D:\SHAPESPH\DEBUG\SOFT1.0.LIB
D:\ShapeSPH\SOFT1.0\Debug\cl.command.1.tlog
D:\ShapeSPH\SOFT1.0\Debug\CL.read.1.tlog
D:\ShapeSPH\SOFT1.0\Debug\CL.write.1.tlog
D:\SHAPESPH\SOFT1.0\DEBUG\COSPMLS.OBJ
D:\SHAPESPH\SOFT1.0\DEBUG\CSECOND.OBJ
D:\SHAPESPH\SOFT1.0\DEBUG\FFT_GRIDS.OBJ
D:\SHAPESPH\SOFT1.0\DEBUG\FFT_GRIDS_SO3.OBJ
D:\SHAPESPH\SOFT1.0\DEBUG\FFTCODE.OBJ
D:\SHAPESPH\SOFT1.0\DEBUG\FST_SEMI_MEMO.OBJ
D:\SHAPESPH\SOFT1.0\DEBUG\FST_SEMI_MEMO_FFTW.OBJ
D:\SHAPESPH\SOFT1.0\DEBUG\INDEXTABLES.OBJ
D:\ShapeSPH\SOFT1.0\Debug\lib.command.1.tlog
D:\ShapeSPH\SOFT1.0\Debug\Lib-link.read.1.tlog
D:\ShapeSPH\SOFT1.0\Debug\Lib-link.write.1.tlog
D:\SHAPESPH\SOFT1.0\DEBUG\MAKEWIGNER.OBJ
D:\SHAPESPH\SOFT1.0\DEBUG\NAIVE_SYNTHESIS.OBJ
D:\SHAPESPH\SOFT1.0\DEBUG\NEWFCT.OBJ
D:\SHAPESPH\SOFT1.0\DEBUG\ODDWEIGHTS.OBJ
D:\SHAPESPH\SOFT1.0\DEBUG\OURMODS.OBJ
D:\SHAPESPH\SOFT1.0\DEBUG\OURPERMS.OBJ
D:\SHAPESPH\SOFT1.0\DEBUG\PERMROOTS.OBJ
D:\SHAPESPH\SOFT1.0\DEBUG\PRIMITIVE.OBJ
D:\SHAPESPH\SOFT1.0\DEBUG\PRIMITIVE_FST.OBJ
D:\SHAPESPH\SOFT1.0\DEBUG\ROTATE_SO3.OBJ
D:\SHAPESPH\SOFT1.0\DEBUG\ROTATE_SO3_MEM.OBJ
D:\SHAPESPH\SOFT1.0\DEBUG\SEMINAIVE.OBJ
D:\SHAPESPH\SOFT1.0\DEBUG\SEMINAIVE_FFTW.OBJ
D:\SHAPESPH\SOFT1.0\DEBUG\SO3_CORRELATE_FFTW.OBJ
D:\SHAPESPH\SOFT1.0\DEBUG\SO3_CORRELATE_SYM.OBJ
D:\SHAPESPH\SOFT1.0\DEBUG\SOFT.OBJ
D:\SHAPESPH\SOFT1.0\DEBUG\SOFT_FFTW.OBJ
D:\SHAPESPH\SOFT1.0\DEBUG\SOFT_FFTW_PC.OBJ
D:\SHAPESPH\SOFT1.0\DEBUG\SOFT_FFTW_WO.OBJ
D:\SHAPESPH\SOFT1.0\DEBUG\SOFT_SYM.OBJ
D:\SHAPESPH\SOFT1.0\DEBUG\UTILS_SO3.OBJ
D:\SHAPESPH\SOFT1.0\DEBUG\UTILS_VEC_CX.OBJ
D:\ShapeSPH\SOFT1.0\Debug\vc100.idb
D:\SHAPESPH\SOFT1.0\DEBUG\VC100.PDB
D:\SHAPESPH\SOFT1.0\DEBUG\WEIGHTS.OBJ
D:\SHAPESPH\SOFT1.0\DEBUG\WIGNERTRANSFORMS.OBJ
D:\SHAPESPH\SOFT1.0\DEBUG\WIGNERTRANSFORMS_FFTW.OBJ
D:\SHAPESPH\SOFT1.0\DEBUG\WIGNERTRANSFORMS_SYM.OBJ
